{"/Users/zane/playground/kraken-test/src/cli/cli-spec.mjs": {"path":"/Users/zane/playground/kraken-test/src/cli/cli-spec.mjs","statementMap":{"0":{"start":{"line":1,"column":0},"end":{"line":1,"column":null}},"1":{"start":{"line":3,"column":13},"end":{"line":24,"column":1}}},"fnMap":{},"branchMap":{},"s":{"0":1,"1":1},"f":{},"b":{}}
,"/Users/zane/playground/kraken-test/src/cli/site-outage-reporter-cli.mjs": {"path":"/Users/zane/playground/kraken-test/src/cli/site-outage-reporter-cli.mjs","statementMap":{"0":{"start":{"line":1,"column":0},"end":{"line":1,"column":null}},"1":{"start":{"line":2,"column":0},"end":{"line":2,"column":null}},"2":{"start":{"line":4,"column":0},"end":{"line":4,"column":null}},"3":{"start":{"line":5,"column":0},"end":{"line":5,"column":null}},"4":{"start":{"line":7,"column":30},"end":{"line":29,"column":1}},"5":{"start":{"line":9,"column":2},"end":{"line":28,"column":null}},"6":{"start":{"line":10,"column":4},"end":{"line":10,"column":null}},"7":{"start":{"line":13,"column":4},"end":{"line":15,"column":null}},"8":{"start":{"line":14,"column":6},"end":{"line":14,"column":null}},"9":{"start":{"line":16,"column":4},"end":{"line":18,"column":null}},"10":{"start":{"line":17,"column":6},"end":{"line":17,"column":null}},"11":{"start":{"line":20,"column":4},"end":{"line":20,"column":null}},"12":{"start":{"line":22,"column":4},"end":{"line":22,"column":null}},"13":{"start":{"line":24,"column":4},"end":{"line":26,"column":5}},"14":{"start":{"line":25,"column":6},"end":{"line":25,"column":null}},"15":{"start":{"line":27,"column":4},"end":{"line":27,"column":null}},"16":{"start":{"line":29,"column":1},"end":{"line":29,"column":null}}},"fnMap":{"0":{"name":"(anonymous_0)","decl":{"start":{"line":7,"column":30},"end":{"line":7,"column":37}},"loc":{"start":{"line":7,"column":70},"end":{"line":29,"column":1}}}},"branchMap":{"0":{"loc":{"start":{"line":7,"column":37},"end":{"line":7,"column":65}},"type":"default-arg","locations":[{"start":{"line":7,"column":63},"end":{"line":7,"column":65}}]},"1":{"loc":{"start":{"line":7,"column":39},"end":{"line":7,"column":59}},"type":"default-arg","locations":[{"start":{"line":7,"column":46},"end":{"line":7,"column":59}}]},"2":{"loc":{"start":{"line":13,"column":4},"end":{"line":15,"column":null}},"type":"if","locations":[{"start":{"line":13,"column":4},"end":{"line":15,"column":null}}]},"3":{"loc":{"start":{"line":16,"column":4},"end":{"line":18,"column":null}},"type":"if","locations":[{"start":{"line":16,"column":4},"end":{"line":18,"column":null}}]},"4":{"loc":{"start":{"line":24,"column":4},"end":{"line":26,"column":5}},"type":"if","locations":[{"start":{"line":24,"column":4},"end":{"line":26,"column":5}}]}},"s":{"0":1,"1":1,"2":1,"3":1,"4":1,"5":5,"6":5,"7":5,"8":2,"9":5,"10":4,"11":5,"12":5,"13":0,"14":0,"15":0,"16":1},"f":{"0":5},"b":{"0":[0],"1":[0],"2":[2],"3":[4],"4":[0]}}
,"/Users/zane/playground/kraken-test/src/lib/site-outage-reporter.mjs": {"path":"/Users/zane/playground/kraken-test/src/lib/site-outage-reporter.mjs","statementMap":{"0":{"start":{"line":1,"column":0},"end":{"line":1,"column":null}},"1":{"start":{"line":2,"column":0},"end":{"line":2,"column":null}},"2":{"start":{"line":3,"column":0},"end":{"line":3,"column":null}},"3":{"start":{"line":16,"column":27},"end":{"line":43,"column":1}},"4":{"start":{"line":25,"column":2},"end":{"line":27,"column":null}},"5":{"start":{"line":26,"column":4},"end":{"line":26,"column":50}},"6":{"start":{"line":29,"column":2},"end":{"line":29,"column":null}},"7":{"start":{"line":31,"column":23},"end":{"line":31,"column":47}},"8":{"start":{"line":33,"column":18},"end":{"line":33,"column":49}},"9":{"start":{"line":34,"column":19},"end":{"line":34,"column":57}},"10":{"start":{"line":36,"column":25},"end":{"line":36,"column":75}},"11":{"start":{"line":38,"column":2},"end":{"line":38,"column":null}},"12":{"start":{"line":40,"column":2},"end":{"line":40,"column":null}},"13":{"start":{"line":42,"column":2},"end":{"line":42,"column":null}},"14":{"start":{"line":43,"column":1},"end":{"line":43,"column":null}}},"fnMap":{"0":{"name":"(anonymous_0)","decl":{"start":{"line":16,"column":27},"end":{"line":16,"column":43}},"loc":{"start":{"line":24,"column":8},"end":{"line":43,"column":1}}}},"branchMap":{"0":{"loc":{"start":{"line":16,"column":43},"end":{"line":24,"column":6}},"type":"default-arg","locations":[{"start":{"line":24,"column":4},"end":{"line":24,"column":6}}]},"1":{"loc":{"start":{"line":20,"column":2},"end":{"line":20,"column":27}},"type":"default-arg","locations":[{"start":{"line":20,"column":14},"end":{"line":20,"column":27}}]},"2":{"loc":{"start":{"line":22,"column":2},"end":{"line":22,"column":51}},"type":"default-arg","locations":[{"start":{"line":22,"column":15},"end":{"line":22,"column":51}}]},"3":{"loc":{"start":{"line":23,"column":2},"end":{"line":23,"column":null}},"type":"default-arg","locations":[{"start":{"line":23,"column":11},"end":{"line":23,"column":null}}]},"4":{"loc":{"start":{"line":25,"column":2},"end":{"line":27,"column":null}},"type":"if","locations":[{"start":{"line":25,"column":2},"end":{"line":27,"column":null}}]}},"s":{"0":0,"1":0,"2":0,"3":0,"4":0,"5":0,"6":0,"7":0,"8":0,"9":0,"10":0,"11":0,"12":0,"13":0,"14":0},"f":{"0":0},"b":{"0":[0],"1":[0],"2":[0],"3":[0],"4":[0]}}
,"/Users/zane/playground/kraken-test/src/lib/lib/get-configured-api-key.mjs": {"path":"/Users/zane/playground/kraken-test/src/lib/lib/get-configured-api-key.mjs","statementMap":{"0":{"start":{"line":1,"column":0},"end":{"line":1,"column":null}},"1":{"start":{"line":2,"column":0},"end":{"line":2,"column":null}},"2":{"start":{"line":4,"column":28},"end":{"line":23,"column":1}},"3":{"start":{"line":6,"column":21},"end":{"line":6,"column":58}},"4":{"start":{"line":8,"column":2},"end":{"line":16,"column":null}},"5":{"start":{"line":9,"column":4},"end":{"line":9,"column":null}},"6":{"start":{"line":11,"column":4},"end":{"line":15,"column":null}},"7":{"start":{"line":12,"column":6},"end":{"line":12,"column":null}},"8":{"start":{"line":14,"column":6},"end":{"line":14,"column":null}},"9":{"start":{"line":18,"column":2},"end":{"line":20,"column":null}},"10":{"start":{"line":19,"column":4},"end":{"line":19,"column":null}},"11":{"start":{"line":22,"column":2},"end":{"line":22,"column":null}},"12":{"start":{"line":23,"column":1},"end":{"line":23,"column":null}}},"fnMap":{"0":{"name":"(anonymous_0)","decl":{"start":{"line":4,"column":28},"end":{"line":4,"column":35}},"loc":{"start":{"line":4,"column":49},"end":{"line":23,"column":1}}}},"branchMap":{"0":{"loc":{"start":{"line":11,"column":4},"end":{"line":15,"column":null}},"type":"if","locations":[{"start":{"line":11,"column":4},"end":{"line":15,"column":null}},{"start":{"line":13,"column":11},"end":{"line":15,"column":null}}]},"1":{"loc":{"start":{"line":18,"column":2},"end":{"line":20,"column":null}},"type":"if","locations":[{"start":{"line":18,"column":2},"end":{"line":20,"column":null}}]}},"s":{"0":1,"1":1,"2":1,"3":3,"4":3,"5":3,"6":1,"7":1,"8":0,"9":2,"10":1,"11":1,"12":1},"f":{"0":3},"b":{"0":[1,0],"1":[1]}}
,"/Users/zane/playground/kraken-test/src/lib/lib/kraken-system.mjs": {"path":"/Users/zane/playground/kraken-test/src/lib/lib/kraken-system.mjs","statementMap":{"0":{"start":{"line":1,"column":0},"end":{"line":1,"column":null}},"1":{"start":{"line":3,"column":16},"end":{"line":3,"column":76}},"2":{"start":{"line":5,"column":21},"end":{"line":24,"column":1}},"3":{"start":{"line":7,"column":4},"end":{"line":7,"column":null}},"4":{"start":{"line":11,"column":23},"end":{"line":11,"column":93}},"5":{"start":{"line":12,"column":4},"end":{"line":12,"column":null}},"6":{"start":{"line":13,"column":4},"end":{"line":13,"column":null}},"7":{"start":{"line":17,"column":4},"end":{"line":17,"column":null}},"8":{"start":{"line":21,"column":24},"end":{"line":21,"column":82}},"9":{"start":{"line":22,"column":4},"end":{"line":22,"column":null}},"10":{"start":{"line":24,"column":1},"end":{"line":24,"column":null}}},"fnMap":{"0":{"name":"(anonymous_0)","decl":{"start":{"line":6,"column":2},"end":{"line":6,"column":13}},"loc":{"start":{"line":6,"column":23},"end":{"line":8,"column":null}}},"1":{"name":"(anonymous_1)","decl":{"start":{"line":10,"column":2},"end":{"line":10,"column":8}},"loc":{"start":{"line":10,"column":22},"end":{"line":14,"column":null}}},"2":{"name":"(anonymous_2)","decl":{"start":{"line":16,"column":2},"end":{"line":16,"column":8}},"loc":{"start":{"line":16,"column":29},"end":{"line":18,"column":null}}},"3":{"name":"(anonymous_3)","decl":{"start":{"line":20,"column":2},"end":{"line":20,"column":8}},"loc":{"start":{"line":20,"column":49},"end":{"line":23,"column":null}}}},"branchMap":{},"s":{"0":0,"1":0,"2":0,"3":0,"4":0,"5":0,"6":0,"7":0,"8":0,"9":0,"10":0},"f":{"0":0,"1":0,"2":0,"3":0},"b":{}}
,"/Users/zane/playground/kraken-test/src/lib/lib/merge-outage-data.mjs": {"path":"/Users/zane/playground/kraken-test/src/lib/lib/merge-outage-data.mjs","statementMap":{"0":{"start":{"line":1,"column":24},"end":{"line":21,"column":1}},"1":{"start":{"line":2,"column":2},"end":{"line":2,"column":null}},"2":{"start":{"line":5,"column":28},"end":{"line":5,"column":110}},"3":{"start":{"line":5,"column":77},"end":{"line":5,"column":93}},"4":{"start":{"line":5,"column":93},"end":{"line":5,"column":104}},"5":{"start":{"line":7,"column":25},"end":{"line":18,"column":8}},"6":{"start":{"line":8,"column":26},"end":{"line":8,"column":32}},"7":{"start":{"line":9,"column":23},"end":{"line":9,"column":44}},"8":{"start":{"line":10,"column":4},"end":{"line":16,"column":null}},"9":{"start":{"line":11,"column":24},"end":{"line":11,"column":39}},"10":{"start":{"line":12,"column":6},"end":{"line":15,"column":null}},"11":{"start":{"line":13,"column":8},"end":{"line":13,"column":null}},"12":{"start":{"line":14,"column":8},"end":{"line":14,"column":null}},"13":{"start":{"line":17,"column":4},"end":{"line":17,"column":null}},"14":{"start":{"line":20,"column":2},"end":{"line":20,"column":null}},"15":{"start":{"line":21,"column":1},"end":{"line":21,"column":null}}},"fnMap":{"0":{"name":"(anonymous_0)","decl":{"start":{"line":1,"column":24},"end":{"line":1,"column":25}},"loc":{"start":{"line":1,"column":63},"end":{"line":21,"column":1}}},"1":{"name":"(anonymous_1)","decl":{"start":{"line":5,"column":52},"end":{"line":5,"column":53}},"loc":{"start":{"line":5,"column":75},"end":{"line":5,"column":105}}},"2":{"name":"(anonymous_2)","decl":{"start":{"line":7,"column":40},"end":{"line":7,"column":41}},"loc":{"start":{"line":7,"column":68},"end":{"line":18,"column":3}}}},"branchMap":{"0":{"loc":{"start":{"line":10,"column":4},"end":{"line":16,"column":null}},"type":"if","locations":[{"start":{"line":10,"column":4},"end":{"line":16,"column":null}}]},"1":{"loc":{"start":{"line":12,"column":6},"end":{"line":15,"column":null}},"type":"if","locations":[{"start":{"line":12,"column":6},"end":{"line":15,"column":null}}]}},"s":{"0":1,"1":3,"2":3,"3":6,"4":6,"5":3,"6":6,"7":6,"8":6,"9":4,"10":4,"11":3,"12":3,"13":6,"14":3,"15":1},"f":{"0":3,"1":6,"2":6},"b":{"0":[4],"1":[3]}}
,"/Users/zane/playground/kraken-test/src/lib/lib/smart-fetch.mjs": {"path":"/Users/zane/playground/kraken-test/src/lib/lib/smart-fetch.mjs","statementMap":{"0":{"start":{"line":1,"column":0},"end":{"line":1,"column":null}},"1":{"start":{"line":3,"column":19},"end":{"line":3,"column":20}},"2":{"start":{"line":4,"column":26},"end":{"line":4,"column":30}},"3":{"start":{"line":6,"column":19},"end":{"line":40,"column":1}},"4":{"start":{"line":7,"column":2},"end":{"line":7,"column":null}},"5":{"start":{"line":9,"column":17},"end":{"line":9,"column":41}},"6":{"start":{"line":10,"column":2},"end":{"line":10,"column":null}},"7":{"start":{"line":12,"column":23},"end":{"line":12,"column":73}},"8":{"start":{"line":13,"column":2},"end":{"line":13,"column":null}},"9":{"start":{"line":14,"column":2},"end":{"line":29,"column":null}},"10":{"start":{"line":16,"column":23},"end":{"line":16,"column":31}},"11":{"start":{"line":17,"column":4},"end":{"line":27,"column":null}},"12":{"start":{"line":18,"column":6},"end":{"line":26,"column":null}},"13":{"start":{"line":19,"column":8},"end":{"line":21,"column":null}},"14":{"start":{"line":20,"column":10},"end":{"line":20,"column":null}},"15":{"start":{"line":22,"column":8},"end":{"line":22,"column":null}},"16":{"start":{"line":23,"column":8},"end":{"line":23,"column":null}},"17":{"start":{"line":25,"column":8},"end":{"line":25,"column":null}},"18":{"start":{"line":28,"column":4},"end":{"line":28,"column":null}},"19":{"start":{"line":31,"column":19},"end":{"line":31,"column":49}},"20":{"start":{"line":32,"column":15},"end":{"line":32,"column":36}},"21":{"start":{"line":33,"column":2},"end":{"line":37,"column":null}},"22":{"start":{"line":34,"column":4},"end":{"line":34,"column":null}},"23":{"start":{"line":36,"column":4},"end":{"line":36,"column":null}},"24":{"start":{"line":39,"column":2},"end":{"line":39,"column":null}},"25":{"start":{"line":40,"column":1},"end":{"line":40,"column":null}}},"fnMap":{"0":{"name":"(anonymous_0)","decl":{"start":{"line":6,"column":19},"end":{"line":6,"column":26}},"loc":{"start":{"line":6,"column":109},"end":{"line":40,"column":1}}},"1":{"name":"(anonymous_1)","decl":{"start":{"line":14,"column":25},"end":{"line":14,"column":26}},"loc":{"start":{"line":14,"column":55},"end":{"line":29,"column":3}}}},"branchMap":{"0":{"loc":{"start":{"line":6,"column":41},"end":{"line":6,"column":61}},"type":"default-arg","locations":[{"start":{"line":6,"column":49},"end":{"line":6,"column":61}}]},"1":{"loc":{"start":{"line":6,"column":63},"end":{"line":6,"column":93}},"type":"default-arg","locations":[{"start":{"line":6,"column":76},"end":{"line":6,"column":93}}]},"2":{"loc":{"start":{"line":9,"column":17},"end":{"line":9,"column":41}},"type":"binary-expr","locations":[{"start":{"line":9,"column":17},"end":{"line":9,"column":32}},{"start":{"line":9,"column":36},"end":{"line":9,"column":41}}]},"3":{"loc":{"start":{"line":9,"column":17},"end":{"line":9,"column":32}},"type":"cond-expr","locations":[{"start":{"line":9,"column":24},"end":{"line":9,"column":26}},{"start":{"line":9,"column":17},"end":{"line":9,"column":32}}]},"4":{"loc":{"start":{"line":9,"column":17},"end":{"line":9,"column":26}},"type":"binary-expr","locations":[{"start":{"line":9,"column":17},"end":{"line":9,"column":26}},{"start":{"line":9,"column":17},"end":{"line":9,"column":26}}]},"5":{"loc":{"start":{"line":17,"column":4},"end":{"line":27,"column":null}},"type":"if","locations":[{"start":{"line":17,"column":4},"end":{"line":27,"column":null}}]},"6":{"loc":{"start":{"line":17,"column":8},"end":{"line":17,"column":95}},"type":"binary-expr","locations":[{"start":{"line":17,"column":8},"end":{"line":17,"column":22}},{"start":{"line":17,"column":27},"end":{"line":17,"column":41}},{"start":{"line":17,"column":45},"end":{"line":17,"column":59}},{"start":{"line":17,"column":63},"end":{"line":17,"column":77}},{"start":{"line":17,"column":81},"end":{"line":17,"column":95}}]},"7":{"loc":{"start":{"line":18,"column":6},"end":{"line":26,"column":null}},"type":"if","locations":[{"start":{"line":18,"column":6},"end":{"line":26,"column":null}},{"start":{"line":24,"column":13},"end":{"line":26,"column":null}}]},"8":{"loc":{"start":{"line":19,"column":8},"end":{"line":21,"column":null}},"type":"if","locations":[{"start":{"line":19,"column":8},"end":{"line":21,"column":null}}]},"9":{"loc":{"start":{"line":33,"column":2},"end":{"line":37,"column":null}},"type":"if","locations":[{"start":{"line":33,"column":2},"end":{"line":37,"column":null}},{"start":{"line":35,"column":9},"end":{"line":37,"column":null}}]},"10":{"loc":{"start":{"line":34,"column":62},"end":{"line":34,"column":111}},"type":"cond-expr","locations":[{"start":{"line":34,"column":78},"end":{"line":34,"column":106}},{"start":{"line":34,"column":109},"end":{"line":34,"column":111}}]},"11":{"loc":{"start":{"line":34,"column":62},"end":{"line":34,"column":75}},"type":"binary-expr","locations":[{"start":{"line":34,"column":62},"end":{"line":34,"column":68}},{"start":{"line":34,"column":62},"end":{"line":34,"column":68}},{"start":{"line":34,"column":62},"end":{"line":34,"column":75}}]}},"s":{"0":1,"1":1,"2":1,"3":1,"4":3,"5":3,"6":3,"7":3,"8":3,"9":3,"10":7,"11":7,"12":5,"13":4,"14":0,"15":4,"16":4,"17":1,"18":3,"19":3,"20":3,"21":3,"22":1,"23":2,"24":2,"25":1},"f":{"0":3,"1":7},"b":{"0":[0],"1":[0],"2":[3,3],"3":[3,0],"4":[3,3],"5":[5],"6":[7,7,7,7,7],"7":[4,1],"8":[0],"9":[1,2],"10":[1,0],"11":[1,1,1]}}
}
